<?xml version="1.0" encoding="UTF-8"?>
<coverage generated="1637251560068" clover="3.2.0">
  <project timestamp="1637251560068" name="All files">
    <metrics statements="6" coveredstatements="6" conditionals="4" coveredconditionals="2" methods="2" coveredmethods="2" elements="12" coveredelements="10" complexity="0" loc="6" ncloc="6" packages="1" files="1" classes="1"/>
    <file name="index.js" path="/Users/alvaroagudelo/Desktop/OnBoarding_CondorLabs/PracCLabs_Acade/JestTest/src/index.js">
      <metrics statements="6" coveredstatements="6" conditionals="4" coveredconditionals="2" methods="2" coveredmethods="2"/>
      <line num="3" count="3" type="cond" truecount="1" falsecount="1"/>
      <line num="4" count="3" type="cond" truecount="1" falsecount="1"/>
      <line num="5" count="3" type="stmt"/>
      <line num="6" count="3" type="stmt"/>
      <line num="7" count="9" type="stmt"/>
      <line num="11" count="1" type="stmt"/>
    </file>
  </project>
</coverage>
