{"/Users/alvaroagudelo/Desktop/OnBoarding_CondorLabs/PracCLabs_Acade/JestTest/src/index.js": {"path":"/Users/alvaroagudelo/Desktop/OnBoarding_CondorLabs/PracCLabs_Acade/JestTest/src/index.js","statementMap":{"0":{"start":{"line":3,"column":4},"end":{"line":3,"column":63}},"1":{"start":{"line":3,"column":21},"end":{"line":3,"column":63}},"2":{"start":{"line":4,"column":4},"end":{"line":4,"column":68}},"3":{"start":{"line":4,"column":28},"end":{"line":4,"column":68}},"4":{"start":{"line":5,"column":19},"end":{"line":5,"column":46}},"5":{"start":{"line":6,"column":4},"end":{"line":8,"column":7}},"6":{"start":{"line":7,"column":8},"end":{"line":7,"column":46}},"7":{"start":{"line":11,"column":0},"end":{"line":11,"column":29}}},"fnMap":{"0":{"name":"filterByTerm","decl":{"start":{"line":2,"column":9},"end":{"line":2,"column":21}},"loc":{"start":{"line":2,"column":47},"end":{"line":9,"column":1}},"line":2},"1":{"name":"(anonymous_1)","decl":{"start":{"line":6,"column":29},"end":{"line":6,"column":30}},"loc":{"start":{"line":6,"column":53},"end":{"line":8,"column":5}},"line":6}},"branchMap":{"0":{"loc":{"start":{"line":3,"column":4},"end":{"line":3,"column":63}},"type":"if","locations":[{"start":{"line":3,"column":4},"end":{"line":3,"column":63}},{"start":{},"end":{}}],"line":3},"1":{"loc":{"start":{"line":4,"column":4},"end":{"line":4,"column":68}},"type":"if","locations":[{"start":{"line":4,"column":4},"end":{"line":4,"column":68}},{"start":{},"end":{}}],"line":4}},"s":{"0":3,"1":0,"2":3,"3":0,"4":3,"5":3,"6":9,"7":1},"f":{"0":3,"1":9},"b":{"0":[0,3],"1":[0,3]},"_coverageSchema":"1a1c01bbd47fc00a2c39e90264f33305004495a9","hash":"d0e9cb94a313ff01b0ab1bc48c63391abe3d36b7"}
}
